<?xml version="1.0" encoding="UTF-8"?>
<testng-results skipped="0" failed="1" ignored="0" total="2" passed="1">
  <reporter-output>
  </reporter-output>
  <suite name="Default suite" duration-ms="19088" started-at="2017-09-25T19:19:15Z" finished-at="2017-09-25T19:19:34Z">
    <groups>
    </groups>
    <test name="Default test" duration-ms="19088" started-at="2017-09-25T19:19:15Z" finished-at="2017-09-25T19:19:34Z">
      <class name="skop.tests.TC_01_URL_Home">
        <test-method status="PASS" signature="setupAndLogin()[pri:0, instance:skop.tests.TC_01_URL_Home@4566e5bd]" name="setupAndLogin" is-config="true" duration-ms="80969" started-at="2017-09-26T00:47:54Z" finished-at="2017-09-26T00:49:15Z">
          <reporter-output>
          </reporter-output>
        </test-method> <!-- setupAndLogin -->
        <test-method status="PASS" signature="CheckHomeURL()[pri:0, instance:skop.tests.TC_01_URL_Home@4566e5bd]" name="CheckHomeURL" duration-ms="10580" started-at="2017-09-26T00:49:15Z" finished-at="2017-09-26T00:49:26Z">
          <reporter-output>
          </reporter-output>
        </test-method> <!-- CheckHomeURL -->
        <test-method status="PASS" signature="tearDown(org.testng.ITestResult)[pri:0, instance:skop.tests.TC_01_URL_Home@4566e5bd]" name="tearDown" is-config="true" duration-ms="335" started-at="2017-09-26T00:49:26Z" finished-at="2017-09-26T00:49:26Z">
          <params>
            <param index="0">
              <value>
                <![CDATA[[TestResult name=CheckHomeURL status=SUCCESS method=TC_01_URL_Home.CheckHomeURL()[pri:0, instance:skop.tests.TC_01_URL_Home@4566e5bd] output={null}]]]>
              </value>
            </param>
          </params>
          <reporter-output>
          </reporter-output>
        </test-method> <!-- tearDown -->
        <test-method status="FAIL" signature="checkmyProfileURL()[pri:1, instance:skop.tests.TC_01_URL_Home@4566e5bd]" name="checkmyProfileURL" duration-ms="8091" started-at="2017-09-26T00:49:26Z" finished-at="2017-09-26T00:49:34Z">
          <exception class="java.lang.AssertionError">
            <message>
              <![CDATA[expected [true] but found [false]]]>
            </message>
            <full-stacktrace>
              <![CDATA[java.lang.AssertionError: expected [true] but found [false]
	at org.testng.Assert.fail(Assert.java:93)
	at org.testng.Assert.failNotEquals(Assert.java:512)
	at org.testng.Assert.assertTrue(Assert.java:41)
	at org.testng.Assert.assertTrue(Assert.java:51)
	at skop.pages.CommonObjectsRepo.myProfilePagelableVerify(CommonObjectsRepo.java:67)
	at skop.tests.TC_01_URL_Home.checkmyProfileURL(TC_01_URL_Home.java:72)
	at sun.reflect.NativeMethodAccessorImpl.invoke0(Native Method)
	at sun.reflect.NativeMethodAccessorImpl.invoke(NativeMethodAccessorImpl.java:62)
	at sun.reflect.DelegatingMethodAccessorImpl.invoke(DelegatingMethodAccessorImpl.java:43)
	at java.lang.reflect.Method.invoke(Method.java:498)
	at org.testng.internal.MethodInvocationHelper.invokeMethod(MethodInvocationHelper.java:108)
	at org.testng.internal.Invoker.invokeMethod(Invoker.java:661)
	at org.testng.internal.Invoker.invokeTestMethod(Invoker.java:869)
	at org.testng.internal.Invoker.invokeTestMethods(Invoker.java:1193)
	at org.testng.internal.TestMethodWorker.invokeTestMethods(TestMethodWorker.java:126)
	at org.testng.internal.TestMethodWorker.run(TestMethodWorker.java:109)
	at org.testng.TestRunner.privateRun(TestRunner.java:744)
	at org.testng.TestRunner.run(TestRunner.java:602)
	at org.testng.SuiteRunner.runTest(SuiteRunner.java:380)
	at org.testng.SuiteRunner.runSequentially(SuiteRunner.java:375)
	at org.testng.SuiteRunner.privateRun(SuiteRunner.java:340)
	at org.testng.SuiteRunner.run(SuiteRunner.java:289)
	at org.testng.SuiteRunnerWorker.runSuite(SuiteRunnerWorker.java:52)
	at org.testng.SuiteRunnerWorker.run(SuiteRunnerWorker.java:86)
	at org.testng.TestNG.runSuitesSequentially(TestNG.java:1301)
	at org.testng.TestNG.runSuitesLocally(TestNG.java:1226)
	at org.testng.TestNG.runSuites(TestNG.java:1144)
	at org.testng.TestNG.run(TestNG.java:1115)
	at org.testng.remote.AbstractRemoteTestNG.run(AbstractRemoteTestNG.java:132)
	at org.testng.remote.RemoteTestNG.initAndRun(RemoteTestNG.java:230)
	at org.testng.remote.RemoteTestNG.main(RemoteTestNG.java:76)
]]>
            </full-stacktrace>
          </exception> <!-- java.lang.AssertionError -->
          <reporter-output>
          </reporter-output>
        </test-method> <!-- checkmyProfileURL -->
        <test-method status="PASS" signature="tearDown(org.testng.ITestResult)[pri:0, instance:skop.tests.TC_01_URL_Home@4566e5bd]" name="tearDown" is-config="true" duration-ms="62" started-at="2017-09-26T00:49:34Z" finished-at="2017-09-26T00:49:34Z">
          <params>
            <param index="0">
              <value>
                <![CDATA[[TestResult name=checkmyProfileURL status=FAILURE method=TC_01_URL_Home.checkmyProfileURL()[pri:1, instance:skop.tests.TC_01_URL_Home@4566e5bd] output={null}]]]>
              </value>
            </param>
          </params>
          <reporter-output>
          </reporter-output>
        </test-method> <!-- tearDown -->
        <test-method status="PASS" signature="closeBrowser()[pri:0, instance:skop.tests.TC_01_URL_Home@4566e5bd]" name="closeBrowser" is-config="true" duration-ms="1048" started-at="2017-09-26T00:49:34Z" finished-at="2017-09-26T00:49:35Z">
          <reporter-output>
          </reporter-output>
        </test-method> <!-- closeBrowser -->
      </class> <!-- skop.tests.TC_01_URL_Home -->
    </test> <!-- Default test -->
  </suite> <!-- Default suite -->
</testng-results>
